NAME                                        READY   STATUS             RESTARTS       AGE
pod/busybox                                 0/1     Completed          0              178d
pod/flask-deployment-c56695687-sv2f4        1/1     Running            6 (39m ago)    178d
pod/flask-deployment-c56695687-zswcq        1/1     Running            6 (39m ago)    178d
pod/helloworld-controller-7sddm             1/1     Running            6 (39m ago)    178d
pod/helloworld-controller-kdkvz             1/1     Running            6 (39m ago)    178d
pod/helloworld-controller-n2tg6             1/1     Running            6 (39m ago)    178d
pod/helloworld-deployment-cfc9c89c4-kk4qd   1/1     Running            6 (39m ago)    178d
pod/helloworld-deployment-cfc9c89c4-nqx5f   1/1     Running            6 (39m ago)    178d
pod/jenkins-6f9656cfb9-jtgfh                1/1     Running            4 (39m ago)    138d
pod/nginx-deployment-7769f8f85b-d5txz       1/1     Running            6 (39m ago)    178d
pod/nginx-deployment-7769f8f85b-f4wtl       1/1     Running            6 (39m ago)    178d
pod/nginx-deployment-7769f8f85b-vqckf       1/1     Running            6 (39m ago)    178d
pod/nginx-deployment-7769f8f85b-x67vv       1/1     Running            6 (39m ago)    178d
pod/restful-app-6567c68778-g9hzg            0/1     ImagePullBackOff   0              69d
pod/rick-api-rick-7cdd8df77d-kmgzw          0/1     CrashLoopBackOff   6 (3m8s ago)   8m56s
pod/rick-api-rick-7cdd8df77d-rgbzc          0/1     CrashLoopBackOff   6 (3m6s ago)   8m56s
pod/rick-morty-api-6d98b6696c-b2gdm         0/1     ImagePullBackOff   0              70d
pod/rick-morty-api-6d98b6696c-fdnqn         0/1     ImagePullBackOff   0              70d
pod/rick-morty-api-6d98b6696c-mgplh         0/1     ImagePullBackOff   0              70d
pod/tomcat-58566ff8b9-dr2zm                 1/1     Running            5 (39m ago)    147d
pod/tomcat-nginx-fc9df88c4-z784b            2/2     Running            8 (39m ago)    138d

NAME                                          DESIRED   CURRENT   READY   AGE
replicationcontroller/helloworld-controller   3         3         3       178d

NAME                           TYPE        CLUSTER-IP       EXTERNAL-IP   PORT(S)          AGE
service/flask-service          NodePort    10.99.182.76     <none>        80:31214/TCP     178d
service/helloworld-service     NodePort    10.99.66.180     <none>        5555:31398/TCP   178d
service/jenkins-service        NodePort    10.100.57.171    <none>        8080:30080/TCP   147d
service/kubernetes             ClusterIP   10.96.0.1        <none>        443/TCP          180d
service/nginx-service          NodePort    10.106.174.118   <none>        80:32646/TCP     178d
service/restful-app            ClusterIP   10.107.157.76    <none>        80/TCP           69d
service/rick-api-rick          ClusterIP   10.104.82.100    <none>        80/TCP           8m56s
service/rick-morty-api         ClusterIP   10.97.46.239     <none>        8000/TCP         70d
service/tomcat-nginx-service   NodePort    10.111.85.128    <none>        80:30090/TCP     138d
service/tomcat-service         NodePort    10.106.151.91    <none>        8080:30001/TCP   147d

NAME                                    READY   UP-TO-DATE   AVAILABLE   AGE
deployment.apps/flask-deployment        2/2     2            2           178d
deployment.apps/helloworld-deployment   2/2     2            2           178d
deployment.apps/jenkins                 1/1     1            1           147d
deployment.apps/nginx-deployment        4/4     4            4           178d
deployment.apps/restful-app             0/1     1            0           69d
deployment.apps/rick-api-rick           0/2     2            0           8m56s
deployment.apps/rick-morty-api          0/3     3            0           70d
deployment.apps/tomcat                  1/1     1            1           147d
deployment.apps/tomcat-nginx            1/1     1            1           138d

NAME                                               DESIRED   CURRENT   READY   AGE
replicaset.apps/flask-deployment-c56695687         2         2         2       178d
replicaset.apps/helloworld-deployment-5759c7b494   0         0         0       178d
replicaset.apps/helloworld-deployment-cfc9c89c4    2         2         2       178d
replicaset.apps/jenkins-6f9656cfb9                 1         1         1       138d
replicaset.apps/jenkins-7b7649b989                 0         0         0       147d
replicaset.apps/nginx-deployment-7769f8f85b        4         4         4       178d
replicaset.apps/restful-app-6567c68778             1         1         0       69d
replicaset.apps/rick-api-rick-7cdd8df77d           2         2         0       8m56s
replicaset.apps/rick-morty-api-6d98b6696c          3         3         0       70d
replicaset.apps/tomcat-58566ff8b9                  1         1         1       147d
replicaset.apps/tomcat-nginx-fc9df88c4             1         1         1       138d
